[05-25-2023 20:11:21] App initialized (0 archived ads)
[05-25-2023 20:11:21] App is running 🚀
[05-25-2023 20:11:22] There was an invalid ad URL: http://www.archivtiger.de/
[05-25-2023 20:11:22] online: 317, new: 317, total: 317
[05-25-2023 20:11:22] Requesting details page: http://www.wgcompany.de/cgi-bin/wg.pl?st=1&function=wgzeigen&wg=Entspan...
[05-25-2023 20:11:22] Requesting details page: http://www.wgcompany.de/cgi-bin/wg.pl?st=1&function=wgzeigen&wg=3wgchb...
[05-25-2023 20:11:22] Requesting details page: http://www.wgcompany.de/cgi-bin/wg.pl?st=1&function=wgzeigen&wg=AnnaNi...
[05-25-2023 20:11:22] Requesting details page: http://www.wgcompany.de/cgi-bin/wg.pl?st=1&function=wgzeigen&wg=W19...
[05-25-2023 20:11:22] Requesting details page: http://www.wgcompany.de/cgi-bin/wg.pl?st=1&function=wgzeigen&wg=villawundt...
[05-25-2023 20:11:23] Requesting details page: http://www.wgcompany.de/cgi-bin/wg.pl?st=1&function=wgzeigen&wg=wilmi...
[05-25-2023 20:11:23] Requesting details page: http://www.wgcompany.de/cgi-bin/wg.pl?st=1&function=wgzeigen&wg=Sonnymaria...
[05-25-2023 20:11:23] Requesting details page: http://www.wgcompany.de/cgi-bin/wg.pl?st=1&function=wgzeigen&wg=Sonma...
[05-25-2023 20:11:23] Requesting details page: http://www.wgcompany.de/cgi-bin/wg.pl?st=1&function=wgzeigen&wg=MesseWG...
[05-25-2023 20:11:23] Requesting details page: http://www.wgcompany.de/cgi-bin/wg.pl?st=1&function=wgzeigen&wg=WGMeer...
[05-25-2023 20:11:24] Requesting details page: http://www.wgcompany.de/cgi-bin/wg.pl?st=1&function=wgzeigen&wg=Entspandau...
[05-25-2023 20:11:24] Requesting details page: http://www.wgcompany.de/cgi-bin/wg.pl?st=1&function=wgzeigen&wg=max0512...
[05-25-2023 20:11:24] Requesting details page: http://www.wgcompany.de/cgi-bin/wg.pl?st=1&function=wgzeigen&wg=Wala...
[05-25-2023 20:11:24] Requesting details page: http://www.wgcompany.de/cgi-bin/wg.pl?st=1&function=wgzeigen&wg=xxam5...
[05-25-2023 20:11:24] Requesting details page: http://www.wgcompany.de/cgi-bin/wg.pl?st=1&function=wgzeigen&wg=AKR95...
[05-25-2023 20:11:25] Requesting details page: http://www.wgcompany.de/cgi-bin/wg.pl?st=1&function=wgzeigen&wg=Clara...
[05-25-2023 20:11:25] Requesting details page: http://www.wgcompany.de/cgi-bin/wg.pl?st=1&function=wgzeigen&wg=mzwag...
[05-25-2023 20:11:25] Requesting details page: http://www.wgcompany.de/cgi-bin/wg.pl?st=1&function=wgzeigen&wg=_lenja...
[05-25-2023 20:11:25] Notifying 368742657 about <Ad _lenja>
[05-25-2023 20:11:25] Requesting details page: http://www.wgcompany.de/cgi-bin/wg.pl?st=1&function=wgzeigen&wg=Barbara...
[05-25-2023 20:11:25] Notifying 368742657 about <Ad Barbara>
[05-25-2023 20:11:26] Requesting details page: http://www.wgcompany.de/cgi-bin/wg.pl?st=1&function=wgzeigen&wg=wgffa...
[05-25-2023 20:11:26] Requesting details page: http://www.wgcompany.de/cgi-bin/wg.pl?st=1&function=wgzeigen&wg=peterdream...
[05-25-2023 20:11:26] Requesting details page: http://www.wgcompany.de/cgi-bin/wg.pl?st=1&function=wgzeigen&wg=Penny...
[05-25-2023 20:11:26] Requesting details page: http://www.wgcompany.de/cgi-bin/wg.pl?st=1&function=wgzeigen&wg=resl...
[05-25-2023 20:11:26] Requesting details page: http://www.wgcompany.de/cgi-bin/wg.pl?st=1&function=wgzeigen&wg=fafafa...
[05-25-2023 20:11:26] Requesting details page: http://www.wgcompany.de/cgi-bin/wg.pl?st=1&function=wgzeigen&wg=ZinnloZ...
[05-25-2023 20:11:27] Requesting details page: http://www.wgcompany.de/cgi-bin/wg.pl?st=1&function=wgzeigen&wg=Kaspar...
[05-25-2023 20:11:27] Requesting details page: http://www.wgcompany.de/cgi-bin/wg.pl?st=1&function=wgzeigen&wg=Eszter...
[05-25-2023 20:11:27] Requesting details page: http://www.wgcompany.de/cgi-bin/wg.pl?st=1&function=wgzeigen&wg=rica...
[05-25-2023 20:11:27] Notifying 368742657 about <Ad rica>
[05-25-2023 20:11:27] Requesting details page: http://www.wgcompany.de/cgi-bin/wg.pl?st=1&function=wgzeigen&wg=KaSonne...
[05-25-2023 20:11:27] Requesting details page: http://www.wgcompany.de/cgi-bin/wg.pl?st=1&function=wgzeigen&wg=Nico...
[05-25-2023 20:11:27] Requesting details page: http://www.wgcompany.de/cgi-bin/wg.pl?st=1&function=wgzeigen&wg=fhain...
[05-25-2023 20:11:28] Requesting details page: http://www.wgcompany.de/cgi-bin/wg.pl?st=1&function=wgzeigen&wg=SMRLND...
[05-25-2023 20:11:28] Requesting details page: http://www.wgcompany.de/cgi-bin/wg.pl?st=1&function=wgzeigen&wg=juliansan...
[05-25-2023 20:11:28] Requesting details page: http://www.wgcompany.de/cgi-bin/wg.pl?st=1&function=wgzeigen&wg=Ele_Nano...
[05-25-2023 20:11:28] Requesting details page: http://www.wgcompany.de/cgi-bin/wg.pl?st=1&function=wgzeigen&wg=Vladi...
[05-25-2023 20:11:28] Requesting details page: http://www.wgcompany.de/cgi-bin/wg.pl?st=1&function=wgzeigen&wg=wgfhain...
[05-25-2023 20:11:28] Requesting details page: http://www.wgcompany.de/cgi-bin/wg.pl?st=1&function=wgzeigen&wg=Lars...
[05-25-2023 20:11:29] Requesting details page: http://www.wgcompany.de/cgi-bin/wg.pl?st=1&function=wgzeigen&wg=Vansa...
[05-25-2023 20:11:29] Requesting details page: http://www.wgcompany.de/cgi-bin/wg.pl?st=1&function=wgzeigen&wg=TimIan21...
[05-25-2023 20:11:29] Requesting details page: http://www.wgcompany.de/cgi-bin/wg.pl?st=1&function=wgzeigen&wg=lasse...
[05-25-2023 20:11:29] Requesting details page: http://www.wgcompany.de/cgi-bin/wg.pl?st=1&function=wgzeigen&wg=Falkennest...
[05-25-2023 20:11:29] Notifying 368742657 about <Ad Falkennest>
[05-25-2023 20:11:30] Requesting details page: http://www.wgcompany.de/cgi-bin/wg.pl?st=1&function=wgzeigen&wg=Helene...
[05-25-2023 20:11:30] Requesting details page: http://www.wgcompany.de/cgi-bin/wg.pl?st=1&function=wgzeigen&wg=aimquadrat...
[05-25-2023 20:11:30] Requesting details page: http://www.wgcompany.de/cgi-bin/wg.pl?st=1&function=wgzeigen&wg=Nita...
[05-25-2023 20:11:30] Requesting details page: http://www.wgcompany.de/cgi-bin/wg.pl?st=1&function=wgzeigen&wg=tombola16...
[05-25-2023 20:11:30] Requesting details page: http://www.wgcompany.de/cgi-bin/wg.pl?st=1&function=wgzeigen&wg=Iacopo4...
[05-25-2023 20:11:30] Requesting details page: http://www.wgcompany.de/cgi-bin/wg.pl?st=1&function=wgzeigen&wg=AnhalterWG...
[05-25-2023 20:11:42] Requesting details page: http://www.wgcompany.de/cgi-bin/wg.pl?st=1&function=wgzeigen&wg=Fre...
[05-25-2023 20:11:42] Requesting details page: http://www.wgcompany.de/cgi-bin/wg.pl?st=1&function=wgzeigen&wg=Adri...
[05-25-2023 20:11:43] Requesting details page: http://www.wgcompany.de/cgi-bin/wg.pl?st=1&function=wgzeigen&wg=Boppsies...
[05-25-2023 20:11:43] Requesting details page: http://www.wgcompany.de/cgi-bin/wg.pl?st=1&function=wgzeigen&wg=Jo...
[05-25-2023 20:11:43] Requesting details page: http://www.wgcompany.de/cgi-bin/wg.pl?st=1&function=wgzeigen&wg=Lina...
[05-25-2023 20:11:43] Requesting details page: http://www.wgcompany.de/cgi-bin/wg.pl?st=1&function=wgzeigen&wg=giulio3001...
[05-25-2023 20:11:43] Requesting details page: http://www.wgcompany.de/cgi-bin/wg.pl?st=1&function=wgzeigen&wg=Berlina...
[05-25-2023 20:11:43] Requesting details page: http://www.wgcompany.de/cgi-bin/wg.pl?st=1&function=wgzeigen&wg=nsaulic...
[05-25-2023 20:11:44] Requesting details page: http://www.wgcompany.de/cgi-bin/wg.pl?st=1&function=wgzeigen&wg=pietje...
[05-25-2023 20:11:44] Requesting details page: http://www.wgcompany.de/cgi-bin/wg.pl?st=1&function=wgzeigen&wg=riemann...
[05-25-2023 20:11:44] Requesting details page: http://www.wgcompany.de/cgi-bin/wg.pl?st=1&function=wgzeigen&wg=Nina...
[05-25-2023 20:11:44] Requesting details page: http://www.wgcompany.de/cgi-bin/wg.pl?st=1&function=wgzeigen&wg=Jonathan...
[05-25-2023 20:11:44] Requesting details page: http://www.wgcompany.de/cgi-bin/wg.pl?st=1&function=wgzeigen&wg=urban_wg...
[05-25-2023 20:11:44] Requesting details page: http://www.wgcompany.de/cgi-bin/wg.pl?st=1&function=wgzeigen&wg=rotbuche...
[05-25-2023 20:11:44] Requesting details page: http://www.wgcompany.de/cgi-bin/wg.pl?st=1&function=wgzeigen&wg=hasiwg...
[05-25-2023 20:11:45] Requesting details page: http://www.wgcompany.de/cgi-bin/wg.pl?st=1&function=wgzeigen&wg=Franzi...
[05-25-2023 20:11:45] Requesting details page: http://www.wgcompany.de/cgi-bin/wg.pl?st=1&function=wgzeigen&wg=Biotektur...
[05-25-2023 20:11:45] Requesting details page: http://www.wgcompany.de/cgi-bin/wg.pl?st=1&function=wgzeigen&wg=Micha361...
[05-25-2023 20:11:45] Requesting details page: http://www.wgcompany.de/cgi-bin/wg.pl?st=1&function=wgzeigen&wg=Corinna...
[05-25-2023 20:11:45] Requesting details page: http://www.wgcompany.de/cgi-bin/wg.pl?st=1&function=wgzeigen&wg=Andrea...
[05-25-2023 20:11:45] Notifying 368742657 about <Ad Andrea>
[05-25-2023 20:11:46] Requesting details page: http://www.wgcompany.de/cgi-bin/wg.pl?st=1&function=wgzeigen&wg=Carla...
[05-25-2023 20:11:46] Requesting details page: http://www.wgcompany.de/cgi-bin/wg.pl?st=1&function=wgzeigen&wg=Yannis...
[05-25-2023 20:11:46] Requesting details page: http://www.wgcompany.de/cgi-bin/wg.pl?st=1&function=wgzeigen&wg=Ufer...
[05-25-2023 20:11:46] Requesting details page: http://www.wgcompany.de/cgi-bin/wg.pl?st=1&function=wgzeigen&wg=R...
[05-25-2023 20:11:46] Requesting details page: http://www.wgcompany.de/cgi-bin/wg.pl?st=1&function=wgzeigen&wg=ToniBerlin...
[05-25-2023 20:11:46] Requesting details page: http://www.wgcompany.de/cgi-bin/wg.pl?st=1&function=wgzeigen&wg=Antonia...
[05-25-2023 20:11:47] Requesting details page: http://www.wgcompany.de/cgi-bin/wg.pl?st=1&function=wgzeigen&wg=TheresaB...
[05-25-2023 20:11:47] Requesting details page: http://www.wgcompany.de/cgi-bin/wg.pl?st=1&function=wgzeigen&wg=Anthbrianz...
[05-25-2023 20:11:47] Notifying 368742657 about <Ad Anthbrianz>
[05-25-2023 20:11:47] Requesting details page: http://www.wgcompany.de/cgi-bin/wg.pl?st=1&function=wgzeigen&wg=AlexP...
[05-25-2023 20:11:47] Requesting details page: http://www.wgcompany.de/cgi-bin/wg.pl?st=1&function=wgzeigen&wg=Luna...
[05-25-2023 20:11:47] Requesting details page: http://www.wgcompany.de/cgi-bin/wg.pl?st=1&function=wgzeigen&wg=Eniilo...
[05-25-2023 20:11:48] Requesting details page: http://www.wgcompany.de/cgi-bin/wg.pl?st=1&function=wgzeigen&wg=Marie...
[05-25-2023 20:11:48] Requesting details page: http://www.wgcompany.de/cgi-bin/wg.pl?st=1&function=wgzeigen&wg=WGLVV...
[05-25-2023 20:11:48] Requesting details page: http://www.wgcompany.de/cgi-bin/wg.pl?st=1&function=wgzeigen&wg=courtneyb...
[05-25-2023 20:11:48] Requesting details page: http://www.wgcompany.de/cgi-bin/wg.pl?st=1&function=wgzeigen&wg=LichtiLu...
[05-25-2023 20:11:48] Requesting details page: http://www.wgcompany.de/cgi-bin/wg.pl?st=1&function=wgzeigen&wg=SabrinaDel...
[05-25-2023 20:11:48] Requesting details page: http://www.wgcompany.de/cgi-bin/wg.pl?st=1&function=wgzeigen&wg=Majahiho...
[05-25-2023 20:11:49] Requesting details page: http://www.wgcompany.de/cgi-bin/wg.pl?st=1&function=wgzeigen&wg=Kayos...
[05-25-2023 20:11:49] Requesting details page: http://www.wgcompany.de/cgi-bin/wg.pl?st=1&function=wgzeigen&wg=Karmayoga...
[05-25-2023 20:11:49] Requesting details page: http://www.wgcompany.de/cgi-bin/wg.pl?st=1&function=wgzeigen&wg=flti3...
[05-25-2023 20:11:49] Requesting details page: http://www.wgcompany.de/cgi-bin/wg.pl?st=1&function=wgzeigen&wg=Sonatra...
[05-25-2023 20:11:49] Requesting details page: http://www.wgcompany.de/cgi-bin/wg.pl?st=1&function=wgzeigen&wg=igor...
[05-25-2023 20:11:49] Requesting details page: http://www.wgcompany.de/cgi-bin/wg.pl?st=1&function=wgzeigen&wg=LiRa...
[05-25-2023 20:11:49] Requesting details page: http://www.wgcompany.de/cgi-bin/wg.pl?st=1&function=wgzeigen&wg=Klara19...
[05-25-2023 20:11:50] Requesting details page: http://www.wgcompany.de/cgi-bin/wg.pl?st=1&function=wgzeigen&wg=irminimi...
[05-25-2023 20:11:50] Requesting details page: http://www.wgcompany.de/cgi-bin/wg.pl?st=1&function=wgzeigen&wg=wgmoabit...
[05-25-2023 20:11:50] Requesting details page: http://www.wgcompany.de/cgi-bin/wg.pl?st=1&function=wgzeigen&wg=Maya24...
[05-25-2023 20:12:01] Requesting details page: http://www.wgcompany.de/cgi-bin/wg.pl?st=1&function=wgzeigen&wg=neeleehee...
[05-25-2023 20:12:02] Requesting details page: http://www.wgcompany.de/cgi-bin/wg.pl?st=1&function=wgzeigen&wg=Tobi...
[05-25-2023 20:12:02] Requesting details page: http://www.wgcompany.de/cgi-bin/wg.pl?st=1&function=wgzeigen&wg=WGmitderE...
[05-25-2023 20:12:03] Requesting details page: http://www.wgcompany.de/cgi-bin/wg.pl?st=1&function=wgzeigen&wg=FredNolte...
[05-25-2023 20:12:03] Requesting details page: http://www.wgcompany.de/cgi-bin/wg.pl?st=1&function=wgzeigen&wg=Natalia...
[05-25-2023 20:12:04] Requesting details page: http://www.wgcompany.de/cgi-bin/wg.pl?st=1&function=wgzeigen&wg=Tascha...
[05-25-2023 20:12:04] Requesting details page: http://www.wgcompany.de/cgi-bin/wg.pl?st=1&function=wgzeigen&wg=spaeti...
[05-25-2023 20:12:04] Requesting details page: http://www.wgcompany.de/cgi-bin/wg.pl?st=1&function=wgzeigen&wg=Larissa...
[05-25-2023 20:12:04] Requesting details page: http://www.wgcompany.de/cgi-bin/wg.pl?st=1&function=wgzeigen&wg=kevink...
[05-25-2023 20:12:04] Requesting details page: http://www.wgcompany.de/cgi-bin/wg.pl?st=1&function=wgzeigen&wg=Svenna...
[05-25-2023 20:12:05] Requesting details page: http://www.wgcompany.de/cgi-bin/wg.pl?st=1&function=wgzeigen&wg=Rick...
[05-25-2023 20:12:05] Requesting details page: http://www.wgcompany.de/cgi-bin/wg.pl?st=1&function=wgzeigen&wg=rick...
[05-25-2023 20:12:05] Requesting details page: http://www.wgcompany.de/cgi-bin/wg.pl?st=1&function=wgzeigen&wg=W8...
[05-25-2023 20:12:05] Requesting details page: http://www.wgcompany.de/cgi-bin/wg.pl?st=1&function=wgzeigen&wg=Uthe...
[05-25-2023 20:12:05] Requesting details page: http://www.wgcompany.de/cgi-bin/wg.pl?st=1&function=wgzeigen&wg=maru...
[05-25-2023 20:12:05] Requesting details page: http://www.wgcompany.de/cgi-bin/wg.pl?st=1&function=wgzeigen&wg=LisaMuri...
[05-25-2023 20:12:06] Requesting details page: http://www.wgcompany.de/cgi-bin/wg.pl?st=1&function=wgzeigen&wg=kotecki...
[05-25-2023 20:12:06] Requesting details page: http://www.wgcompany.de/cgi-bin/wg.pl?st=1&function=wgzeigen&wg=LeaNassim...
[05-25-2023 20:12:06] Requesting details page: http://www.wgcompany.de/cgi-bin/wg.pl?st=1&function=wgzeigen&wg=Filhona...
[05-25-2023 20:12:06] Requesting details page: http://www.wgcompany.de/cgi-bin/wg.pl?st=1&function=wgzeigen&wg=doelbri...
[05-25-2023 20:12:06] Requesting details page: http://www.wgcompany.de/cgi-bin/wg.pl?st=1&function=wgzeigen&wg=WGinNK...
[05-25-2023 20:12:06] Requesting details page: http://www.wgcompany.de/cgi-bin/wg.pl?st=1&function=wgzeigen&wg=Miri...
[05-25-2023 20:12:07] Requesting details page: http://www.wgcompany.de/cgi-bin/wg.pl?st=1&function=wgzeigen&wg=Lumpidumpi...
[05-25-2023 20:12:07] Requesting details page: http://www.wgcompany.de/cgi-bin/wg.pl?st=1&function=wgzeigen&wg=Liliya...
[05-25-2023 20:12:07] Requesting details page: http://www.wgcompany.de/cgi-bin/wg.pl?st=1&function=wgzeigen&wg=hertzberg...
[05-25-2023 20:12:07] Requesting details page: http://www.wgcompany.de/cgi-bin/wg.pl?st=1&function=wgzeigen&wg=patricia...
[05-25-2023 20:12:07] Requesting details page: http://www.wgcompany.de/cgi-bin/wg.pl?st=1&function=wgzeigen&wg=vuth...
[05-25-2023 20:12:07] Requesting details page: http://www.wgcompany.de/cgi-bin/wg.pl?st=1&function=wgzeigen&wg=OK...
[05-25-2023 20:12:08] Requesting details page: http://www.wgcompany.de/cgi-bin/wg.pl?st=1&function=wgzeigen&wg=Na...
[05-25-2023 20:12:08] Requesting details page: http://www.wgcompany.de/cgi-bin/wg.pl?st=1&function=wgzeigen&wg=Mel...
[05-25-2023 20:12:08] Requesting details page: http://www.wgcompany.de/cgi-bin/wg.pl?st=1&function=wgzeigen&wg=Kira93...
[05-25-2023 20:12:08] Requesting details page: http://www.wgcompany.de/cgi-bin/wg.pl?st=1&function=wgzeigen&wg=lila...
[05-25-2023 20:12:08] Requesting details page: http://www.wgcompany.de/cgi-bin/wg.pl?st=1&function=wgzeigen&wg=leoschleo...
[05-25-2023 20:12:08] Requesting details page: http://www.wgcompany.de/cgi-bin/wg.pl?st=1&function=wgzeigen&wg=Yohana...
[05-25-2023 20:12:08] Requesting details page: http://www.wgcompany.de/cgi-bin/wg.pl?st=1&function=wgzeigen&wg=WG_Rixdorf...
[05-25-2023 20:12:09] Requesting details page: http://www.wgcompany.de/cgi-bin/wg.pl?st=1&function=wgzeigen&wg=WeserWG...
[05-25-2023 20:12:09] Requesting details page: http://www.wgcompany.de/cgi-bin/wg.pl?st=1&function=wgzeigen&wg=Richardstr...
[05-25-2023 20:12:09] Requesting details page: http://www.wgcompany.de/cgi-bin/wg.pl?st=1&function=wgzeigen&wg=wgtimec...
[05-25-2023 20:12:09] Requesting details page: http://www.wgcompany.de/cgi-bin/wg.pl?st=1&function=wgzeigen&wg=EundN...
[05-25-2023 20:12:09] Requesting details page: http://www.wgcompany.de/cgi-bin/wg.pl?st=1&function=wgzeigen&wg=Jaq...
[05-25-2023 20:12:09] Requesting details page: http://www.wgcompany.de/cgi-bin/wg.pl?st=1&function=wgzeigen&wg=Lena...
[05-25-2023 20:12:10] Requesting details page: http://www.wgcompany.de/cgi-bin/wg.pl?st=1&function=wgzeigen&wg=WG_Sonne...
[05-25-2023 20:12:10] Requesting details page: http://www.wgcompany.de/cgi-bin/wg.pl?st=1&function=wgzeigen&wg=Jula...
[05-25-2023 20:12:10] Requesting details page: http://www.wgcompany.de/cgi-bin/wg.pl?st=1&function=wgzeigen&wg=blaumiau...
[05-25-2023 20:12:10] Requesting details page: http://www.wgcompany.de/cgi-bin/wg.pl?st=1&function=wgzeigen&wg=Luise...
[05-25-2023 20:12:10] Requesting details page: http://www.wgcompany.de/cgi-bin/wg.pl?st=1&function=wgzeigen&wg=Junijuli...
[05-25-2023 20:12:10] Requesting details page: http://www.wgcompany.de/cgi-bin/wg.pl?st=1&function=wgzeigen&wg=alsan...
[05-25-2023 20:12:12] Requesting details page: http://www.wgcompany.de/cgi-bin/wg.pl?st=1&function=wgzeigen&wg=Brenda...
[05-25-2023 20:12:13] Requesting details page: http://www.wgcompany.de/cgi-bin/wg.pl?st=1&function=wgzeigen&wg=helene1636...
[05-25-2023 20:12:14] Requesting details page: http://www.wgcompany.de/cgi-bin/wg.pl?st=1&function=wgzeigen&wg=Rungis...
[05-25-2023 20:12:14] Requesting details page: http://www.wgcompany.de/cgi-bin/wg.pl?st=1&function=wgzeigen&wg=M41_WG...
[05-25-2023 20:12:25] Requesting details page: http://www.wgcompany.de/cgi-bin/wg.pl?st=1&function=wgzeigen&wg=karlamags...
[05-25-2023 20:12:25] Requesting details page: http://www.wgcompany.de/cgi-bin/wg.pl?st=1&function=wgzeigen&wg=lillus1224...
[05-25-2023 20:12:25] Requesting details page: http://www.wgcompany.de/cgi-bin/wg.pl?st=1&function=wgzeigen&wg=lillus...
[05-25-2023 20:12:26] Requesting details page: http://www.wgcompany.de/cgi-bin/wg.pl?st=1&function=wgzeigen&wg=Krischan...
[05-25-2023 20:12:26] Requesting details page: http://www.wgcompany.de/cgi-bin/wg.pl?st=1&function=wgzeigen&wg=SonneNK...
[05-25-2023 20:12:26] Requesting details page: http://www.wgcompany.de/cgi-bin/wg.pl?st=1&function=wgzeigen&wg=KarlMarxWG...
[05-25-2023 20:12:26] Requesting details page: http://www.wgcompany.de/cgi-bin/wg.pl?st=1&function=wgzeigen&wg=Nora02...
[05-25-2023 20:12:26] Requesting details page: http://www.wgcompany.de/cgi-bin/wg.pl?st=1&function=wgzeigen&wg=jrtaylor...
[05-25-2023 20:12:26] Requesting details page: http://www.wgcompany.de/cgi-bin/wg.pl?st=1&function=wgzeigen&wg=inderlaube...
[05-25-2023 20:12:26] Requesting details page: http://www.wgcompany.de/cgi-bin/wg.pl?st=1&function=wgzeigen&wg=jannakaro...
[05-25-2023 20:12:27] Notifying 368742657 about <Ad jannakaro>
[05-25-2023 20:12:27] Requesting details page: http://www.wgcompany.de/cgi-bin/wg.pl?st=1&function=wgzeigen&wg=Vera...
[05-25-2023 20:12:27] Requesting details page: http://www.wgcompany.de/cgi-bin/wg.pl?st=1&function=wgzeigen&wg=leoluis...
[05-25-2023 20:12:27] Requesting details page: http://www.wgcompany.de/cgi-bin/wg.pl?st=1&function=wgzeigen&wg=jasmin_l...
[05-25-2023 20:12:27] Requesting details page: http://www.wgcompany.de/cgi-bin/wg.pl?st=1&function=wgzeigen&wg=_JulBr_...
[05-25-2023 20:12:27] Requesting details page: http://www.wgcompany.de/cgi-bin/wg.pl?st=1&function=wgzeigen&wg=Mari...
[05-25-2023 20:12:27] Requesting details page: http://www.wgcompany.de/cgi-bin/wg.pl?st=1&function=wgzeigen&wg=humpty...
[05-25-2023 20:12:28] Requesting details page: http://www.wgcompany.de/cgi-bin/wg.pl?st=1&function=wgzeigen&wg=Tee...
[05-25-2023 20:12:28] Requesting details page: http://www.wgcompany.de/cgi-bin/wg.pl?st=1&function=wgzeigen&wg=Julius...
[05-25-2023 20:12:28] Requesting details page: http://www.wgcompany.de/cgi-bin/wg.pl?st=1&function=wgzeigen&wg=Eva...
[05-25-2023 20:12:28] Requesting details page: http://www.wgcompany.de/cgi-bin/wg.pl?st=1&function=wgzeigen&wg=Patricia...
[05-25-2023 20:12:28] Requesting details page: http://www.wgcompany.de/cgi-bin/wg.pl?st=1&function=wgzeigen&wg=Julian...
[05-25-2023 20:12:28] Requesting details page: http://www.wgcompany.de/cgi-bin/wg.pl?st=1&function=wgzeigen&wg=Timci...
[05-25-2023 20:12:29] Requesting details page: http://www.wgcompany.de/cgi-bin/wg.pl?st=1&function=wgzeigen&wg=SonnenWG...
[05-25-2023 20:12:29] Requesting details page: http://www.wgcompany.de/cgi-bin/wg.pl?st=1&function=wgzeigen&wg=veraNda...
[05-25-2023 20:12:29] Requesting details page: http://www.wgcompany.de/cgi-bin/wg.pl?st=1&function=wgzeigen&wg=Andy...
[05-25-2023 20:12:29] Requesting details page: http://www.wgcompany.de/cgi-bin/wg.pl?st=1&function=wgzeigen&wg=Hannah_B...
[05-25-2023 20:12:29] Requesting details page: http://www.wgcompany.de/cgi-bin/wg.pl?st=1&function=wgzeigen&wg=Sonnenwg...
[05-25-2023 20:12:29] Requesting details page: http://www.wgcompany.de/cgi-bin/wg.pl?st=1&function=wgzeigen&wg=jonathansb...
[05-25-2023 20:12:29] Requesting details page: http://www.wgcompany.de/cgi-bin/wg.pl?st=1&function=wgzeigen&wg=TomkeZ...
[05-25-2023 20:12:30] Requesting details page: http://www.wgcompany.de/cgi-bin/wg.pl?st=1&function=wgzeigen&wg=Tota...
[05-25-2023 20:12:30] Requesting details page: http://www.wgcompany.de/cgi-bin/wg.pl?st=1&function=wgzeigen&wg=linda...
[05-25-2023 20:12:30] Requesting details page: http://www.wgcompany.de/cgi-bin/wg.pl?st=1&function=wgzeigen&wg=Katha...
[05-25-2023 20:12:30] Requesting details page: http://www.wgcompany.de/cgi-bin/wg.pl?st=1&function=wgzeigen&wg=Naumbi...
[05-25-2023 20:12:30] Requesting details page: http://www.wgcompany.de/cgi-bin/wg.pl?st=1&function=wgzeigen&wg=Simon...
[05-25-2023 20:12:30] Requesting details page: http://www.wgcompany.de/cgi-bin/wg.pl?st=1&function=wgzeigen&wg=Lottie...
[05-25-2023 20:12:31] Requesting details page: http://www.wgcompany.de/cgi-bin/wg.pl?st=1&function=wgzeigen&wg=Charlotte...
[05-25-2023 20:12:31] Requesting details page: http://www.wgcompany.de/cgi-bin/wg.pl?st=1&function=wgzeigen&wg=Laura...
[05-25-2023 20:12:31] Requesting details page: http://www.wgcompany.de/cgi-bin/wg.pl?st=1&function=wgzeigen&wg=soph...
[05-25-2023 20:12:31] Requesting details page: http://www.wgcompany.de/cgi-bin/wg.pl?st=1&function=wgzeigen&wg=Toni...
[05-25-2023 20:12:31] Requesting details page: http://www.wgcompany.de/cgi-bin/wg.pl?st=1&function=wgzeigen&wg=Yannick...
[05-25-2023 20:12:31] Requesting details page: http://www.wgcompany.de/cgi-bin/wg.pl?st=1&function=wgzeigen&wg=Jule...
[05-25-2023 20:12:32] Requesting details page: http://www.wgcompany.de/cgi-bin/wg.pl?st=1&function=wgzeigen&wg=Lally...
[05-25-2023 20:12:32] Requesting details page: http://www.wgcompany.de/cgi-bin/wg.pl?st=1&function=wgzeigen&wg=Maya...
[05-25-2023 20:12:32] Requesting details page: http://www.wgcompany.de/cgi-bin/wg.pl?st=1&function=wgzeigen&wg=Lil...
[05-25-2023 20:12:32] Requesting details page: http://www.wgcompany.de/cgi-bin/wg.pl?st=1&function=wgzeigen&wg=Elena...
[05-25-2023 20:12:32] Requesting details page: http://www.wgcompany.de/cgi-bin/wg.pl?st=1&function=wgzeigen&wg=WGGREIF81...
[05-25-2023 20:12:33] Requesting details page: http://www.wgcompany.de/cgi-bin/wg.pl?st=1&function=wgzeigen&wg=Marrin2_...
[05-25-2023 20:12:45] Requesting details page: http://www.wgcompany.de/cgi-bin/wg.pl?st=1&function=wgzeigen&wg=Wuertzwg...
[05-25-2023 20:12:45] Requesting details page: http://www.wgcompany.de/cgi-bin/wg.pl?st=1&function=wgzeigen&wg=Tizian...
[05-25-2023 20:12:45] Requesting details page: http://www.wgcompany.de/cgi-bin/wg.pl?st=1&function=wgzeigen&wg=Jakob...
[05-25-2023 20:12:45] Requesting details page: http://www.wgcompany.de/cgi-bin/wg.pl?st=1&function=wgzeigen&wg=Jojo...
[05-25-2023 20:12:45] Requesting details page: http://www.wgcompany.de/cgi-bin/wg.pl?st=1&function=wgzeigen&wg=Suse...
[05-25-2023 20:12:45] Requesting details page: http://www.wgcompany.de/cgi-bin/wg.pl?st=1&function=wgzeigen&wg=Ibiza...
[05-25-2023 20:12:46] Requesting details page: http://www.wgcompany.de/cgi-bin/wg.pl?st=1&function=wgzeigen&wg=Jannis...
[05-25-2023 20:12:46] Requesting details page: http://www.wgcompany.de/cgi-bin/wg.pl?st=1&function=wgzeigen&wg=Judith...
[05-25-2023 20:12:46] Requesting details page: http://www.wgcompany.de/cgi-bin/wg.pl?st=1&function=wgzeigen&wg=Pavel...
[05-25-2023 20:12:46] Requesting details page: http://www.wgcompany.de/cgi-bin/wg.pl?st=1&function=wgzeigen&wg=Esmeralda9...
[05-25-2023 20:12:46] Requesting details page: http://www.wgcompany.de/cgi-bin/wg.pl?st=1&function=wgzeigen&wg=Enna...
[05-25-2023 20:12:46] Requesting details page: http://www.wgcompany.de/cgi-bin/wg.pl?st=1&function=wgzeigen&wg=Ninsky...
[05-25-2023 20:12:47] Requesting details page: http://www.wgcompany.de/cgi-bin/wg.pl?st=1&function=wgzeigen&wg=marlaoddly...
[05-25-2023 20:12:47] Requesting details page: http://www.wgcompany.de/cgi-bin/wg.pl?st=1&function=wgzeigen&wg=Kerry...
[05-25-2023 20:12:47] Requesting details page: http://www.wgcompany.de/cgi-bin/wg.pl?st=1&function=wgzeigen&wg=wgnordbahn...
[05-25-2023 20:12:47] Requesting details page: http://www.wgcompany.de/cgi-bin/wg.pl?st=1&function=wgzeigen&wg=manu...
[05-25-2023 20:12:47] Requesting details page: http://www.wgcompany.de/cgi-bin/wg.pl?st=1&function=wgzeigen&wg=Stoe...
[05-25-2023 20:12:48] Requesting details page: http://www.wgcompany.de/cgi-bin/wg.pl?st=1&function=wgzeigen&wg=Sassi...
[05-25-2023 20:12:48] Requesting details page: http://www.wgcompany.de/cgi-bin/wg.pl?st=1&function=wgzeigen&wg=Gruni...
[05-25-2023 20:12:48] Requesting details page: http://www.wgcompany.de/cgi-bin/wg.pl?st=1&function=wgzeigen&wg=Hannah...
[05-25-2023 20:12:48] Requesting details page: http://www.wgcompany.de/cgi-bin/wg.pl?st=1&function=wgzeigen&wg=Pip...
[05-25-2023 20:12:48] Requesting details page: http://www.wgcompany.de/cgi-bin/wg.pl?st=1&function=wgzeigen&wg=GotenWG...
[05-25-2023 20:12:48] Requesting details page: http://www.wgcompany.de/cgi-bin/wg.pl?st=1&function=wgzeigen&wg=Gotenwg...
[05-25-2023 20:12:49] Requesting details page: http://www.wgcompany.de/cgi-bin/wg.pl?st=1&function=wgzeigen&wg=Sante...
[05-25-2023 20:12:49] Requesting details page: http://www.wgcompany.de/cgi-bin/wg.pl?st=1&function=wgzeigen&wg=LouiseD...
[05-25-2023 20:12:49] Requesting details page: http://www.wgcompany.de/cgi-bin/wg.pl?st=1&function=wgzeigen&wg=Mainstreet...
[05-25-2023 20:12:49] Requesting details page: http://www.wgcompany.de/cgi-bin/wg.pl?st=1&function=wgzeigen&wg=Konrad...
[05-25-2023 20:12:49] Requesting details page: http://www.wgcompany.de/cgi-bin/wg.pl?st=1&function=wgzeigen&wg=Aram...
[05-25-2023 20:12:49] Requesting details page: http://www.wgcompany.de/cgi-bin/wg.pl?st=1&function=wgzeigen&wg=Yorckwg...
[05-25-2023 20:12:49] Requesting details page: http://www.wgcompany.de/cgi-bin/wg.pl?st=1&function=wgzeigen&wg=w4r4...
[05-25-2023 20:12:50] Requesting details page: http://www.wgcompany.de/cgi-bin/wg.pl?st=1&function=wgzeigen&wg=Mietje_Lev...
[05-25-2023 20:12:50] Requesting details page: http://www.wgcompany.de/cgi-bin/wg.pl?st=1&function=wgzeigen&wg=An_Malv...
[05-25-2023 20:12:50] Requesting details page: http://www.wgcompany.de/cgi-bin/wg.pl?st=1&function=wgzeigen&wg=steg99...
[05-25-2023 20:12:50] Requesting details page: http://www.wgcompany.de/cgi-bin/wg.pl?st=1&function=wgzeigen&wg=timo...
[05-25-2023 20:12:50] Requesting details page: http://www.wgcompany.de/cgi-bin/wg.pl?st=1&function=wgzeigen&wg=Kristinche...
[05-25-2023 20:12:50] Requesting details page: http://www.wgcompany.de/cgi-bin/wg.pl?st=1&function=wgzeigen&wg=Lisa...
[05-25-2023 20:12:51] Requesting details page: http://www.wgcompany.de/cgi-bin/wg.pl?st=1&function=wgzeigen&wg=Fischotter...
[05-25-2023 20:12:51] Requesting details page: http://www.wgcompany.de/cgi-bin/wg.pl?st=1&function=wgzeigen&wg=Rieke...
[05-25-2023 20:12:51] Requesting details page: http://www.wgcompany.de/cgi-bin/wg.pl?st=1&function=wgzeigen&wg=ajax...
[05-25-2023 20:12:51] Requesting details page: http://www.wgcompany.de/cgi-bin/wg.pl?st=1&function=wgzeigen&wg=peppaclaud...
[05-25-2023 20:12:51] Requesting details page: http://www.wgcompany.de/cgi-bin/wg.pl?st=1&function=wgzeigen&wg=Pascalloo...
[05-25-2023 20:12:51] Requesting details page: http://www.wgcompany.de/cgi-bin/wg.pl?st=1&function=wgzeigen&wg=ajax3000...
[05-25-2023 20:12:52] Requesting details page: http://www.wgcompany.de/cgi-bin/wg.pl?st=1&function=wgzeigen&wg=Bibibibibi...
[05-25-2023 20:12:52] Requesting details page: http://www.wgcompany.de/cgi-bin/wg.pl?st=1&function=wgzeigen&wg=IliasTas...
[05-25-2023 20:12:52] Requesting details page: http://www.wgcompany.de/cgi-bin/wg.pl?st=1&function=wgzeigen&wg=Pruehs...
[05-25-2023 20:12:52] Requesting details page: http://www.wgcompany.de/cgi-bin/wg.pl?st=1&function=wgzeigen&wg=Pruehss...
[05-25-2023 20:12:52] Requesting details page: http://www.wgcompany.de/cgi-bin/wg.pl?st=1&function=wgzeigen&wg=flintawg...
[05-25-2023 20:13:04] Requesting details page: http://www.wgcompany.de/cgi-bin/wg.pl?st=1&function=wgzeigen&wg=lucialena...
[05-25-2023 20:13:04] Requesting details page: http://www.wgcompany.de/cgi-bin/wg.pl?st=1&function=wgzeigen&wg=Lindaann...
[05-25-2023 20:13:04] Requesting details page: http://www.wgcompany.de/cgi-bin/wg.pl?st=1&function=wgzeigen&wg=Manu...
[05-25-2023 20:13:04] Requesting details page: http://www.wgcompany.de/cgi-bin/wg.pl?st=1&function=wgzeigen&wg=nico_h...
[05-25-2023 20:13:04] Requesting details page: http://www.wgcompany.de/cgi-bin/wg.pl?st=1&function=wgzeigen&wg=Miriam...
[05-25-2023 20:13:04] Requesting details page: http://www.wgcompany.de/cgi-bin/wg.pl?st=1&function=wgzeigen&wg=Mashaher...
[05-25-2023 20:13:05] Requesting details page: http://www.wgcompany.de/cgi-bin/wg.pl?st=1&function=wgzeigen&wg=Marisol...
[05-25-2023 20:13:05] Requesting details page: http://www.wgcompany.de/cgi-bin/wg.pl?st=1&function=wgzeigen&wg=Deule23...
[05-25-2023 20:13:05] Requesting details page: http://www.wgcompany.de/cgi-bin/wg.pl?st=1&function=wgzeigen&wg=Mira...
[05-25-2023 20:13:05] Requesting details page: http://www.wgcompany.de/cgi-bin/wg.pl?st=1&function=wgzeigen&wg=jessssssss...
[05-25-2023 20:13:05] Requesting details page: http://www.wgcompany.de/cgi-bin/wg.pl?st=1&function=wgzeigen&wg=Lea...
[05-25-2023 20:13:05] Requesting details page: http://www.wgcompany.de/cgi-bin/wg.pl?st=1&function=wgzeigen&wg=Sandra_M...
[05-25-2023 20:13:06] Requesting details page: http://www.wgcompany.de/cgi-bin/wg.pl?st=1&function=wgzeigen&wg=AnBe...
[05-25-2023 20:13:06] Requesting details page: http://www.wgcompany.de/cgi-bin/wg.pl?st=1&function=wgzeigen&wg=master717...
[05-25-2023 20:13:06] Requesting details page: http://www.wgcompany.de/cgi-bin/wg.pl?st=1&function=wgzeigen&wg=Jana...
[05-25-2023 20:13:06] Requesting details page: http://www.wgcompany.de/cgi-bin/wg.pl?st=1&function=wgzeigen&wg=chrstoph...
[05-25-2023 20:13:06] Requesting details page: http://www.wgcompany.de/cgi-bin/wg.pl?st=1&function=wgzeigen&wg=Denilson98...
[05-25-2023 20:13:06] Requesting details page: http://www.wgcompany.de/cgi-bin/wg.pl?st=1&function=wgzeigen&wg=Denilson...
[05-25-2023 20:13:07] Requesting details page: http://www.wgcompany.de/cgi-bin/wg.pl?st=1&function=wgzeigen&wg=H15...
[05-25-2023 20:13:07] Requesting details page: http://www.wgcompany.de/cgi-bin/wg.pl?st=1&function=wgzeigen&wg=Moorbirken...
[05-25-2023 20:13:07] Requesting details page: http://www.wgcompany.de/cgi-bin/wg.pl?st=1&function=wgzeigen&wg=catcad...
[05-25-2023 20:13:07] Requesting details page: http://www.wgcompany.de/cgi-bin/wg.pl?st=1&function=wgzeigen&wg=patrick...
[05-25-2023 20:13:07] Requesting details page: http://www.wgcompany.de/cgi-bin/wg.pl?st=1&function=wgzeigen&wg=Annagarten...
[05-25-2023 20:13:07] Requesting details page: http://www.wgcompany.de/cgi-bin/wg.pl?st=1&function=wgzeigen&wg=Maren...
[05-25-2023 20:13:08] Requesting details page: http://www.wgcompany.de/cgi-bin/wg.pl?st=1&function=wgzeigen&wg=fra2513...
[05-25-2023 20:13:08] Requesting details page: http://www.wgcompany.de/cgi-bin/wg.pl?st=1&function=wgzeigen&wg=HannahBell...
[05-25-2023 20:13:08] Requesting details page: http://www.wgcompany.de/cgi-bin/wg.pl?st=1&function=wgzeigen&wg=L_...
[05-25-2023 20:13:08] Requesting details page: http://www.wgcompany.de/cgi-bin/wg.pl?st=1&function=wgzeigen&wg=jajaja_mil...
[05-25-2023 20:13:08] Requesting details page: http://www.wgcompany.de/cgi-bin/wg.pl?st=1&function=wgzeigen&wg=PankWG...
[05-25-2023 20:13:08] Requesting details page: http://www.wgcompany.de/cgi-bin/wg.pl?st=1&function=wgzeigen&wg=Moira...
[05-25-2023 20:13:09] Requesting details page: http://www.wgcompany.de/cgi-bin/wg.pl?st=1&function=wgzeigen&wg=luccapi...
[05-25-2023 20:13:09] Requesting details page: http://www.wgcompany.de/cgi-bin/wg.pl?st=1&function=wgzeigen&wg=Lila...
[05-25-2023 20:13:09] Requesting details page: http://www.wgcompany.de/cgi-bin/wg.pl?st=1&function=wgzeigen&wg=Elli...
[05-25-2023 20:13:09] Requesting details page: http://www.wgcompany.de/cgi-bin/wg.pl?st=1&function=wgzeigen&wg=suboptimal...
[05-25-2023 20:13:09] Requesting details page: http://www.wgcompany.de/cgi-bin/wg.pl?st=1&function=wgzeigen&wg=BoeetgerWG...
[05-25-2023 20:13:09] Notifying 368742657 about <Ad BoeetgerWG>
[05-25-2023 20:13:09] Requesting details page: http://www.wgcompany.de/cgi-bin/wg.pl?st=1&function=wgzeigen&wg=zk39...
[05-25-2023 20:13:10] Requesting details page: http://www.wgcompany.de/cgi-bin/wg.pl?st=1&function=wgzeigen&wg=Zentralku...
[05-25-2023 20:13:10] Requesting details page: http://www.wgcompany.de/cgi-bin/wg.pl?st=1&function=wgzeigen&wg=Remy...
[05-25-2023 20:13:10] Requesting details page: http://www.wgcompany.de/cgi-bin/wg.pl?st=1&function=wgzeigen&wg=Zentralkue...
[05-25-2023 20:13:10] Requesting details page: http://www.wgcompany.de/cgi-bin/wg.pl?st=1&function=wgzeigen&wg=B_setzt...
[05-25-2023 20:13:10] Requesting details page: http://www.wgcompany.de/cgi-bin/wg.pl?st=1&function=wgzeigen&wg=13izunia...
[05-25-2023 20:13:10] Requesting details page: http://www.wgcompany.de/cgi-bin/wg.pl?st=1&function=wgzeigen&wg=Velisa...
[05-25-2023 20:13:11] Requesting details page: http://www.wgcompany.de/cgi-bin/wg.pl?st=1&function=wgzeigen&wg=delux7...
[05-25-2023 20:13:11] Notifying 368742657 about <Ad delux7>
[05-25-2023 20:13:11] Requesting details page: http://www.wgcompany.de/cgi-bin/wg.pl?st=1&function=wgzeigen&wg=moabit2_0...
[05-25-2023 20:13:11] Notifying 368742657 about <Ad moabit2_0>
[05-25-2023 20:13:11] Requesting details page: http://www.wgcompany.de/cgi-bin/wg.pl?st=1&function=wgzeigen&wg=A...
[05-25-2023 20:13:11] Requesting details page: http://www.wgcompany.de/cgi-bin/wg.pl?st=1&function=wgzeigen&wg=Malibu...
[05-25-2023 20:13:12] Requesting details page: http://www.wgcompany.de/cgi-bin/wg.pl?st=1&function=wgzeigen&wg=anduvoi...
[05-25-2023 20:13:16] Requesting details page: http://www.wgcompany.de/cgi-bin/wg.pl?st=1&function=wgzeigen&wg=Kiki...
[05-25-2023 20:13:17] Requesting details page: http://www.wgcompany.de/cgi-bin/wg.pl?st=1&function=wgzeigen&wg=LeoWedding...
[05-25-2023 20:13:17] Requesting details page: http://www.wgcompany.de/cgi-bin/wg.pl?st=1&function=wgzeigen&wg=Steffilila...
[05-25-2023 20:13:17] Requesting details page: http://www.wgcompany.de/cgi-bin/wg.pl?st=1&function=wgzeigen&wg=Leonie...
[05-25-2023 20:13:17] Requesting details page: http://www.wgcompany.de/cgi-bin/wg.pl?st=1&function=wgzeigen&wg=StephG...
[05-25-2023 20:13:17] Requesting details page: http://www.wgcompany.de/cgi-bin/wg.pl?st=1&function=wgzeigen&wg=GBrunnen...
[05-25-2023 20:13:18] Requesting details page: http://www.wgcompany.de/cgi-bin/wg.pl?st=1&function=wgzeigen&wg=jana...
[05-25-2023 20:13:18] Requesting details page: http://www.wgcompany.de/cgi-bin/wg.pl?st=1&function=wgzeigen&wg=ToniSommer...
[05-25-2023 20:13:18] Requesting details page: http://www.wgcompany.de/cgi-bin/wg.pl?st=1&function=wgzeigen&wg=Jonna...
[05-25-2023 20:13:18] Requesting details page: http://www.wgcompany.de/cgi-bin/wg.pl?st=1&function=wgzeigen&wg=Oliviadean...
[05-25-2023 20:13:18] Requesting details page: http://www.wgcompany.de/cgi-bin/wg.pl?st=1&function=wgzeigen&wg=PankeWG...
[05-25-2023 20:13:18] Requesting details page: http://www.wgcompany.de/cgi-bin/wg.pl?st=1&function=wgzeigen&wg=Billie_MAD...
[05-25-2023 20:13:19] Requesting details page: http://www.wgcompany.de/cgi-bin/wg.pl?st=1&function=wgzeigen&wg=WGWedding...
[05-25-2023 20:13:19] Requesting details page: http://www.wgcompany.de/cgi-bin/wg.pl?st=1&function=wgzeigen&wg=Chris...
[05-25-2023 20:13:19] Requesting details page: http://www.wgcompany.de/cgi-bin/wg.pl?st=1&function=wgzeigen&wg=Diren...
[05-25-2023 20:13:19] Requesting details page: http://www.wgcompany.de/cgi-bin/wg.pl?st=1&function=wgzeigen&wg=Nauny...
[05-25-2023 20:13:19] Requesting details page: http://www.wgcompany.de/cgi-bin/wg.pl?st=1&function=wgzeigen&wg=Zoe...
[05-25-2023 20:13:19] Requesting details page: http://www.wgcompany.de/cgi-bin/wg.pl?st=1&function=wgzeigen&wg=amanbisht...
[05-25-2023 20:13:25] Requesting details page: http://www.wgcompany.de/cgi-bin/wg.pl?st=1&function=wgzeigen&wg=julian1991...
[05-25-2023 20:13:25] Notifying 368742657 about <Ad julian1991>
[05-25-2023 20:13:25] Requesting details page: http://www.wgcompany.de/cgi-bin/wg.pl?st=1&function=wgzeigen&wg=Chrissi...
[05-25-2023 20:13:25] Requesting details page: http://www.wgcompany.de/cgi-bin/wg.pl?st=1&function=wgzeigen&wg=Jan...
[05-25-2023 20:13:25] Requesting details page: http://www.wgcompany.de/cgi-bin/wg.pl?st=1&function=wgzeigen&wg=Rebecca...
[05-25-2023 20:13:26] Requesting details page: http://www.wgcompany.de/cgi-bin/wg.pl?st=1&function=wgzeigen&wg=Schilling1...
[05-25-2023 20:13:26] Requesting details page: http://www.wgcompany.de/cgi-bin/wg.pl?st=1&function=wgzeigen&wg=Hanna...
[05-25-2023 20:13:26] Requesting details page: http://www.wgcompany.de/cgi-bin/wg.pl?st=1&function=wgzeigen&wg=BillyBones...
[05-25-2023 20:13:26] Requesting details page: http://www.wgcompany.de/cgi-bin/wg.pl?st=1&function=wgzeigen&wg=L...
[05-25-2023 20:13:26] Requesting details page: http://www.wgcompany.de/cgi-bin/wg.pl?st=1&function=wgzeigen&wg=Luzia...
[05-25-2023 20:13:26] Requesting details page: http://www.wgcompany.de/cgi-bin/wg.pl?st=1&function=wgzeigen&wg=juhrig...
[05-25-2023 20:13:27] Requesting details page: http://www.wgcompany.de/cgi-bin/wg.pl?st=1&function=wgzeigen&wg=LuziaS...
[05-25-2023 20:13:27] Requesting details page: http://www.wgcompany.de/cgi-bin/wg.pl?st=1&function=wgzeigen&wg=Tom...
[05-25-2023 20:13:27] Requesting details page: http://www.wgcompany.de/cgi-bin/wg.pl?st=1&function=wgzeigen&wg=AlBa77...
